<?xml version="1.0" encoding="UTF-8"?>
<testng-results ignored="0" total="1" passed="1" failed="0" skipped="0">
  <reporter-output>
  </reporter-output>
  <suite started-at="2022-05-06T05:50:56Z" name="Default suite" finished-at="2022-05-06T05:51:00Z" duration-ms="3109">
    <groups>
    </groups>
    <test started-at="2022-05-06T05:50:56Z" name="Default test" finished-at="2022-05-06T05:51:00Z" duration-ms="3109">
      <class name="com.github.pac.Anusha">
        <test-method signature="myntra()[pri:0, instance:com.github.pac.Anusha@181e731e]" started-at="2022-05-06T05:50:56Z" name="myntra" finished-at="2022-05-06T05:51:00Z" duration-ms="3093" status="PASS">
          <reporter-output>
          </reporter-output>
        </test-method> <!-- myntra -->
      </class> <!-- com.github.pac.Anusha -->
    </test> <!-- Default test -->
  </suite> <!-- Default suite -->
</testng-results>
