<?xml version="1.0" encoding="UTF-8"?>
<testng-results ignored="0" total="1" passed="1" failed="0" skipped="0">
  <reporter-output>
  </reporter-output>
  <suite started-at="2022-05-06T05:40:30Z" name="Default suite" finished-at="2022-05-06T05:40:33Z" duration-ms="3404">
    <groups>
    </groups>
    <test started-at="2022-05-06T05:40:30Z" name="Default test" finished-at="2022-05-06T05:40:33Z" duration-ms="3404">
      <class name="com.github.pac.Simple">
        <test-method signature="flipkart()[pri:0, instance:com.github.pac.Simple@181e731e]" started-at="2022-05-06T05:40:30Z" name="flipkart" finished-at="2022-05-06T05:40:33Z" duration-ms="3390" status="PASS">
          <reporter-output>
          </reporter-output>
        </test-method> <!-- flipkart -->
      </class> <!-- com.github.pac.Simple -->
    </test> <!-- Default test -->
  </suite> <!-- Default suite -->
</testng-results>
